<?xml version="1.0" encoding="UTF-8"?>
<!-- Generated by org.testng.reporters.JUnitReportReporter -->
<testsuite skipped="0" hostname="BIG-BOSS" name="tests.Tests_Automatizados" tests="3" failures="0" timestamp="10 abr 2019 03:28:42 GMT" time="104.829" errors="0">
  <testcase name="CP002" time="32.683" classname="tests.Tests_Automatizados"/>
  <testcase name="CP003" time="39.280" classname="tests.Tests_Automatizados"/>
  <testcase name="CP001" time="32.866" classname="tests.Tests_Automatizados"/>
</testsuite> <!-- tests.Tests_Automatizados -->
